f:\2021 2학기\network team\netgameprog\windowprogrammin2018finalterm\windowprogrammin2018finalterm\x64\debug\windowprogrammin2018finalterm.res
f:\2021 2학기\network team\netgameprog\windowprogrammin2018finalterm\windowprogrammin2018finalterm\x64\debug\windowprogrammin2018finalterm.pch
f:\2021 2학기\network team\netgameprog\windowprogrammin2018finalterm\windowprogrammin2018finalterm\x64\debug\vc142.pdb
f:\2021 2학기\network team\netgameprog\windowprogrammin2018finalterm\windowprogrammin2018finalterm\x64\debug\vc142.idb
f:\2021 2학기\network team\netgameprog\windowprogrammin2018finalterm\windowprogrammin2018finalterm\x64\debug\stdafx.obj
f:\2021 2학기\network team\netgameprog\windowprogrammin2018finalterm\windowprogrammin2018finalterm\x64\debug\windowprogrammin2018finalterm.obj
f:\2021 2학기\network team\netgameprog\windowprogrammin2018finalterm\windowprogrammin2018finalterm\x64\debug\timer.obj
f:\2021 2학기\network team\netgameprog\windowprogrammin2018finalterm\windowprogrammin2018finalterm\x64\debug\scene_main.obj
f:\2021 2학기\network team\netgameprog\windowprogrammin2018finalterm\windowprogrammin2018finalterm\x64\debug\scene_ingame.obj
f:\2021 2학기\network team\netgameprog\windowprogrammin2018finalterm\windowprogrammin2018finalterm\x64\debug\scene_charsel.obj
f:\2021 2학기\network team\netgameprog\windowprogrammin2018finalterm\windowprogrammin2018finalterm\x64\debug\scene.obj
f:\2021 2학기\network team\netgameprog\windowprogrammin2018finalterm\windowprogrammin2018finalterm\x64\debug\protocol.obj
f:\2021 2학기\network team\netgameprog\windowprogrammin2018finalterm\windowprogrammin2018finalterm\x64\debug\object_skill.obj
f:\2021 2학기\network team\netgameprog\windowprogrammin2018finalterm\windowprogrammin2018finalterm\x64\debug\object_player.obj
f:\2021 2학기\network team\netgameprog\windowprogrammin2018finalterm\windowprogrammin2018finalterm\x64\debug\object_coin.obj
f:\2021 2학기\network team\netgameprog\windowprogrammin2018finalterm\windowprogrammin2018finalterm\x64\debug\object.obj
f:\2021 2학기\network team\netgameprog\windowprogrammin2018finalterm\windowprogrammin2018finalterm\x64\debug\framework.obj
f:\2021 2학기\network team\netgameprog\windowprogrammin2018finalterm\windowprogrammin2018finalterm\x64\debug\windowprogrammin2018finalterm.ilk
f:\2021 2학기\network team\netgameprog\windowprogrammin2018finalterm\windowprogrammin2018finalterm\x64\debug\vc141.idb
f:\2021 2학기\network team\netgameprog\windowprogrammin2018finalterm\windowprogrammin2018finalterm\x64\debug\vc141.pdb
f:\2021 2학기\network team\netgameprog\windowprogrammin2018finalterm\x64\debug\windowprogrammin2018finalterm.pdb
f:\2021 2학기\network team\netgameprog\windowprogrammin2018finalterm\x64\debug\windowprogrammin2018finalterm.exe
f:\2021 2학기\network team\netgameprog\windowprogrammin2018finalterm\x64\debug\windowprogrammin2018finalterm.ilk
f:\2021 2학기\network team\netgameprog\windowprogrammin2018finalterm\windowprogrammin2018finalterm\x64\debug\windowpr.a94ba7c8.tlog\rc.write.1.tlog
f:\2021 2학기\network team\netgameprog\windowprogrammin2018finalterm\windowprogrammin2018finalterm\x64\debug\windowpr.a94ba7c8.tlog\cl.read.1.tlog
f:\2021 2학기\network team\netgameprog\windowprogrammin2018finalterm\windowprogrammin2018finalterm\x64\debug\windowpr.a94ba7c8.tlog\link.read.1.tlog
f:\2021 2학기\network team\netgameprog\windowprogrammin2018finalterm\windowprogrammin2018finalterm\x64\debug\windowpr.a94ba7c8.tlog\rc.read.1.tlog
f:\2021 2학기\network team\netgameprog\windowprogrammin2018finalterm\windowprogrammin2018finalterm\x64\debug\windowpr.a94ba7c8.tlog\rc.command.1.tlog
f:\2021 2학기\network team\netgameprog\windowprogrammin2018finalterm\windowprogrammin2018finalterm\x64\debug\windowpr.a94ba7c8.tlog\link.delete.1.tlog
f:\2021 2학기\network team\netgameprog\windowprogrammin2018finalterm\windowprogrammin2018finalterm\x64\debug\windowpr.a94ba7c8.tlog\cl.write.1.tlog
f:\2021 2학기\network team\netgameprog\windowprogrammin2018finalterm\windowprogrammin2018finalterm\x64\debug\windowpr.a94ba7c8.tlog\link.write.1.tlog
f:\2021 2학기\network team\netgameprog\windowprogrammin2018finalterm\windowprogrammin2018finalterm\x64\debug\windowpr.a94ba7c8.tlog\link.command.1.tlog
f:\2021 2학기\network team\netgameprog\windowprogrammin2018finalterm\windowprogrammin2018finalterm\x64\debug\windowpr.a94ba7c8.tlog\cl.command.1.tlog
f:\2021 2학기\network team\netgameprog\windowprogrammin2018finalterm\windowprogrammin2018finalterm\x64\debug\windowpr.a94ba7c8.tlog\link-rc.read.1.tlog
f:\2021 2학기\network team\netgameprog\windowprogrammin2018finalterm\windowprogrammin2018finalterm\x64\debug\windowpr.a94ba7c8.tlog\link-rc.write.1.tlog
f:\2021 2학기\network team\netgameprog\windowprogrammin2018finalterm\windowprogrammin2018finalterm\x64\debug\windowpr.a94ba7c8.tlog\link-cvtres.read.1.tlog
f:\2021 2학기\network team\netgameprog\windowprogrammin2018finalterm\windowprogrammin2018finalterm\x64\debug\windowpr.a94ba7c8.tlog\link-cvtres.write.1.tlog
