  Scene_Ingame.cpp
f:\2021 2학기\network team\netgameprog\windowprogrammin2018finalterm\windowprogrammin2018finalterm\protocol.h(1): warning C4067: 전처리기 지시문 다음에 예기치 않은 토큰이 있습니다. 줄 바꿈 문자가 필요합니다.
f:\2021 2학기\network team\netgameprog\windowprogrammin2018finalterm\windowprogrammin2018finalterm\scene_ingame.cpp(935): warning C4244: '=': 'double'에서 'float'(으)로 변환하면서 데이터가 손실될 수 있습니다.
f:\2021 2학기\network team\netgameprog\windowprogrammin2018finalterm\windowprogrammin2018finalterm\scene_ingame.cpp(939): warning C4244: '=': 'double'에서 'float'(으)로 변환하면서 데이터가 손실될 수 있습니다.
f:\2021 2학기\network team\netgameprog\windowprogrammin2018finalterm\windowprogrammin2018finalterm\scene_ingame.cpp(940): warning C4244: '인수': 'float'에서 'int'(으)로 변환하면서 데이터가 손실될 수 있습니다.
f:\2021 2학기\network team\netgameprog\windowprogrammin2018finalterm\windowprogrammin2018finalterm\scene_ingame.cpp(942): warning C4244: '인수': 'float'에서 'int'(으)로 변환하면서 데이터가 손실될 수 있습니다.
f:\2021 2학기\network team\netgameprog\windowprogrammin2018finalterm\windowprogrammin2018finalterm\scene_ingame.cpp(947): warning C4244: '=': 'double'에서 'float'(으)로 변환하면서 데이터가 손실될 수 있습니다.
f:\2021 2학기\network team\netgameprog\windowprogrammin2018finalterm\windowprogrammin2018finalterm\scene_ingame.cpp(951): warning C4244: '=': 'double'에서 'float'(으)로 변환하면서 데이터가 손실될 수 있습니다.
f:\2021 2학기\network team\netgameprog\windowprogrammin2018finalterm\windowprogrammin2018finalterm\scene_ingame.cpp(952): warning C4244: '인수': 'float'에서 'int'(으)로 변환하면서 데이터가 손실될 수 있습니다.
f:\2021 2학기\network team\netgameprog\windowprogrammin2018finalterm\windowprogrammin2018finalterm\scene_ingame.cpp(954): warning C4244: '인수': 'float'에서 'int'(으)로 변환하면서 데이터가 손실될 수 있습니다.
f:\2021 2학기\network team\netgameprog\windowprogrammin2018finalterm\windowprogrammin2018finalterm\scene_ingame.cpp(959): warning C4244: '=': 'double'에서 'float'(으)로 변환하면서 데이터가 손실될 수 있습니다.
f:\2021 2학기\network team\netgameprog\windowprogrammin2018finalterm\windowprogrammin2018finalterm\scene_ingame.cpp(963): warning C4244: '=': 'double'에서 'float'(으)로 변환하면서 데이터가 손실될 수 있습니다.
f:\2021 2학기\network team\netgameprog\windowprogrammin2018finalterm\windowprogrammin2018finalterm\scene_ingame.cpp(964): warning C4244: '인수': 'float'에서 'int'(으)로 변환하면서 데이터가 손실될 수 있습니다.
f:\2021 2학기\network team\netgameprog\windowprogrammin2018finalterm\windowprogrammin2018finalterm\scene_ingame.cpp(966): warning C4244: '인수': 'float'에서 'int'(으)로 변환하면서 데이터가 손실될 수 있습니다.
f:\2021 2학기\network team\netgameprog\windowprogrammin2018finalterm\windowprogrammin2018finalterm\scene_ingame.cpp(971): warning C4244: '=': 'double'에서 'float'(으)로 변환하면서 데이터가 손실될 수 있습니다.
f:\2021 2학기\network team\netgameprog\windowprogrammin2018finalterm\windowprogrammin2018finalterm\scene_ingame.cpp(975): warning C4244: '=': 'double'에서 'float'(으)로 변환하면서 데이터가 손실될 수 있습니다.
f:\2021 2학기\network team\netgameprog\windowprogrammin2018finalterm\windowprogrammin2018finalterm\scene_ingame.cpp(976): warning C4244: '인수': 'float'에서 'int'(으)로 변환하면서 데이터가 손실될 수 있습니다.
f:\2021 2학기\network team\netgameprog\windowprogrammin2018finalterm\windowprogrammin2018finalterm\scene_ingame.cpp(978): warning C4244: '인수': 'float'에서 'int'(으)로 변환하면서 데이터가 손실될 수 있습니다.
  코드를 생성하고 있습니다.
  0 of 338 functions ( 0.0%) were compiled, the rest were copied from previous compilation.
    0 functions were new in current compilation
    0 functions had inline decision re-evaluated but remain unchanged
  코드를 생성했습니다.
  WindowProgrammin2018FinalTerm.vcxproj -> F:\2021 2학기\Network team\NetGameProg\WindowProgrammin2018FinalTerm\x64\Release\WindowProgrammin2018FinalTerm.exe
