  Block.cpp
J:\!2021Maxid\Full\2021_2\NGP\텀프\Play\NetGameProg\윈플 프로젝트\Block.cpp(98,15): warning C4244: '-=': 'float'에서 'int'(으)로 변환하면서 데이터가 손실될 수 있습니다.
J:\!2021Maxid\Full\2021_2\NGP\텀프\Play\NetGameProg\윈플 프로젝트\Block.cpp(268,15): warning C4244: '-=': 'float'에서 'int'(으)로 변환하면서 데이터가 손실될 수 있습니다.
J:\!2021Maxid\Full\2021_2\NGP\텀프\Play\NetGameProg\윈플 프로젝트\Block.cpp(271,16): warning C4244: '-=': 'float'에서 'int'(으)로 변환하면서 데이터가 손실될 수 있습니다.
J:\!2021Maxid\Full\2021_2\NGP\텀프\Play\NetGameProg\윈플 프로젝트\Block.cpp(274,17): warning C4244: '+=': 'float'에서 'int'(으)로 변환하면서 데이터가 손실될 수 있습니다.
J:\!2021Maxid\Full\2021_2\NGP\텀프\Play\NetGameProg\윈플 프로젝트\Block.cpp(280,16): warning C4244: '+=': 'float'에서 'int'(으)로 변환하면서 데이터가 손실될 수 있습니다.
J:\!2021Maxid\Full\2021_2\NGP\텀프\Play\NetGameProg\윈플 프로젝트\Block.cpp(283,17): warning C4244: '-=': 'float'에서 'int'(으)로 변환하면서 데이터가 손실될 수 있습니다.
J:\!2021Maxid\Full\2021_2\NGP\텀프\Play\NetGameProg\윈플 프로젝트\Block.cpp(452,15): warning C4244: '-=': 'float'에서 'int'(으)로 변환하면서 데이터가 손실될 수 있습니다.
  윈플 팀프.cpp
J:\!2021Maxid\Full\2021_2\NGP\텀프\Play\NetGameProg\윈플 프로젝트\윈플 팀프.cpp(163,16): warning C4244: 'return': 'WPARAM'에서 'int'(으)로 변환하면서 데이터가 손실될 수 있습니다.
J:\!2021Maxid\Full\2021_2\NGP\텀프\Play\NetGameProg\윈플 프로젝트\윈플 팀프.cpp(169,19): warning C4101: 'mem2DC' :참조되지 않은 지역 변수입니다.
J:\!2021Maxid\Full\2021_2\NGP\텀프\Play\NetGameProg\윈플 프로젝트\윈플 팀프.cpp(171,18): warning C4101: 'oldBit2' :참조되지 않은 지역 변수입니다.
J:\!2021Maxid\Full\2021_2\NGP\텀프\Play\NetGameProg\윈플 프로젝트\윈플 팀프.cpp(1406,71): warning C4244: '-=': 'float'에서 'LONG'(으)로 변환하면서 데이터가 손실될 수 있습니다.
J:\!2021Maxid\Full\2021_2\NGP\텀프\Play\NetGameProg\윈플 프로젝트\윈플 팀프.cpp(1566,71): warning C4244: '-=': 'float'에서 'LONG'(으)로 변환하면서 데이터가 손실될 수 있습니다.
J:\!2021Maxid\Full\2021_2\NGP\텀프\Play\NetGameProg\윈플 프로젝트\윈플 팀프.cpp(1813,49): warning C4244: '+=': 'float'에서 'LONG'(으)로 변환하면서 데이터가 손실될 수 있습니다.
J:\!2021Maxid\Full\2021_2\NGP\텀프\Play\NetGameProg\윈플 프로젝트\윈플 팀프.cpp(1819,49): warning C4244: '+=': 'float'에서 'LONG'(으)로 변환하면서 데이터가 손실될 수 있습니다.
  코드를 생성하고 있습니다...
J:\!2021Maxid\Full\2021_2\NGP\텀프\Play\NetGameProg\윈플 프로젝트\윈플 팀프.cpp(1676): warning C4715: 'Pupple_BlockCrush': 모든 제어 경로에서 값을 반환하지는 않습니다.
J:\!2021Maxid\Full\2021_2\NGP\텀프\Play\NetGameProg\윈플 프로젝트\윈플 팀프.cpp(1766): warning C4715: 'Yellow_BlockCrush': 모든 제어 경로에서 값을 반환하지는 않습니다.
  LINK : J:\!2021Maxid\Full\2021_2\NGP\텀프\Play\NetGameProg\x64\Debug\윈플 프로젝트.exe을(를) 찾을 수 없거나 마지막 증분 링크에 의해 빌드되지 않았습니다. 전체 링크를 수행하고 있습니다.
  윈플 프로젝트.vcxproj -> J:\!2021Maxid\Full\2021_2\NGP\텀프\Play\NetGameProg\x64\Debug\윈플 프로젝트.exe
